<?xml version="1.0" encoding="UTF-8"?>
<!-- Generated by org.testng.reporters.JUnitReportReporter -->
<testsuite hostname="DESKTOP-GQ5M48D" failures="0" tests="1" name="testcases.BaseClass" time="10.483" errors="0" timestamp="27 Jun 2018 16:27:06 GMT" skipped="0">
  <testcase classname="testcases.BaseClass" name="openBrowser" time="10.483"/>
</testsuite> <!-- testcases.BaseClass -->
