<?xml version="1.0" encoding="UTF-8"?>
<!-- Generated by org.testng.reporters.JUnitReportReporter -->
<testsuite hostname="DESKTOP-GQ5M48D" failures="0" tests="1" name="testcases.LoignToTheApplication" time="3.464" errors="0" timestamp="18 Aug 2018 19:04:39 GMT" skipped="0">
  <testcase classname="testcases.LoignToTheApplication" name="login" time="3.464"/>
</testsuite> <!-- testcases.LoignToTheApplication -->
